c:\users\axel_\brewski\copper2.0\x64\debug\core.pdb
c:\users\axel_\brewski\copper2.0\x64\debug\core.idb
c:\users\axel_\brewski\copper2.0\core\x64\debug\core.nativecodeanalysis.sarif
c:\users\axel_\brewski\copper2.0\core\x64\debug\core.nativecodeanalysis.xml
c:\users\axel_\brewski\copper2.0\core\x64\debug\container.nativecodeanalysis.sarif
c:\users\axel_\brewski\copper2.0\core\x64\debug\container.nativecodeanalysis.xml
c:\users\axel_\brewski\copper2.0\core\x64\debug\singletons.nativecodeanalysis.sarif
c:\users\axel_\brewski\copper2.0\core\x64\debug\singletons.nativecodeanalysis.xml
c:\users\axel_\brewski\copper2.0\core\x64\debug\singletons.obj
c:\users\axel_\brewski\copper2.0\core\x64\debug\container.obj
c:\users\axel_\brewski\copper2.0\core\x64\debug\core.obj
c:\users\axel_\brewski\copper2.0\core\x64\debug\level.nativecodeanalysis.sarif
c:\users\axel_\brewski\copper2.0\core\x64\debug\level.nativecodeanalysis.xml
c:\users\axel_\brewski\copper2.0\core\x64\debug\level.obj
c:\users\axel_\brewski\copper2.0\core\x64\debug\channel.nativecodeanalysis.sarif
c:\users\axel_\brewski\copper2.0\core\x64\debug\channel.nativecodeanalysis.xml
c:\users\axel_\brewski\copper2.0\core\x64\debug\entrybuilder.nativecodeanalysis.sarif
c:\users\axel_\brewski\copper2.0\core\x64\debug\entrybuilder.nativecodeanalysis.xml
c:\users\axel_\brewski\copper2.0\core\x64\debug\entrybuilder.obj
c:\users\axel_\brewski\copper2.0\core\x64\debug\channel.obj
c:\users\axel_\brewski\copper2.0\core\x64\debug\msvcdebugdriver.nativecodeanalysis.sarif
c:\users\axel_\brewski\copper2.0\core\x64\debug\msvcdebugdriver.nativecodeanalysis.xml
c:\users\axel_\brewski\copper2.0\core\x64\debug\textformatter.nativecodeanalysis.sarif
c:\users\axel_\brewski\copper2.0\core\x64\debug\textformatter.nativecodeanalysis.xml
c:\users\axel_\brewski\copper2.0\core\x64\debug\textformatter.obj
c:\users\axel_\brewski\copper2.0\core\x64\debug\msvcdebugdriver.obj
c:\users\axel_\brewski\copper2.0\core\x64\debug\severitylevelpolicy.nativecodeanalysis.sarif
c:\users\axel_\brewski\copper2.0\core\x64\debug\severitylevelpolicy.nativecodeanalysis.xml
c:\users\axel_\brewski\copper2.0\core\x64\debug\severitylevelpolicy.obj
c:\users\axel_\brewski\copper2.0\core\x64\debug\stacktrace.nativecodeanalysis.sarif
c:\users\axel_\brewski\copper2.0\core\x64\debug\stacktrace.nativecodeanalysis.xml
c:\users\axel_\brewski\copper2.0\core\x64\debug\string.nativecodeanalysis.sarif
c:\users\axel_\brewski\copper2.0\core\x64\debug\string.nativecodeanalysis.xml
c:\users\axel_\brewski\copper2.0\core\x64\debug\string.obj
c:\users\axel_\brewski\copper2.0\core\x64\debug\stacktrace.obj
c:\users\axel_\brewski\copper2.0\core\x64\debug\log.nativecodeanalysis.sarif
c:\users\axel_\brewski\copper2.0\core\x64\debug\log.nativecodeanalysis.xml
c:\users\axel_\brewski\copper2.0\core\x64\debug\log.obj
c:\users\axel_\brewski\copper2.0\core\x64\debug\simplefiledriver.nativecodeanalysis.sarif
c:\users\axel_\brewski\copper2.0\core\x64\debug\simplefiledriver.nativecodeanalysis.xml
c:\users\axel_\brewski\copper2.0\core\x64\debug\simplefiledriver.obj
c:\users\axel_\brewski\copper2.0\core\x64\debug\assert.nativecodeanalysis.sarif
c:\users\axel_\brewski\copper2.0\core\x64\debug\assert.nativecodeanalysis.xml
c:\users\axel_\brewski\copper2.0\core\x64\debug\assert.obj
c:\users\axel_\brewski\copper2.0\core\x64\debug\exception.nativecodeanalysis.sarif
c:\users\axel_\brewski\copper2.0\core\x64\debug\exception.nativecodeanalysis.xml
c:\users\axel_\brewski\copper2.0\core\x64\debug\noreturn.nativecodeanalysis.sarif
c:\users\axel_\brewski\copper2.0\core\x64\debug\noreturn.nativecodeanalysis.xml
c:\users\axel_\brewski\copper2.0\core\x64\debug\noreturn.obj
c:\users\axel_\brewski\copper2.0\core\x64\debug\exception.obj
c:\users\axel_\brewski\copper2.0\x64\debug\core.lib
c:\users\axel_\brewski\copper2.0\core\x64\debug\vc.nativecodeanalysis.all.xml
c:\users\axel_\brewski\copper2.0\core\x64\debug\core.tlog\cl.command.1.tlog
c:\users\axel_\brewski\copper2.0\core\x64\debug\core.tlog\cl.read.1.tlog
c:\users\axel_\brewski\copper2.0\core\x64\debug\core.tlog\cl.write.1.tlog
c:\users\axel_\brewski\copper2.0\core\x64\debug\core.tlog\lib-link.read.1.tlog
c:\users\axel_\brewski\copper2.0\core\x64\debug\core.tlog\lib-link.write.1.tlog
c:\users\axel_\brewski\copper2.0\core\x64\debug\core.tlog\lib.command.1.tlog
