c:\users\axel_\brewski\copper2.0\x64\release\core.pdb
c:\users\axel_\brewski\copper2.0\core\x64\release\container.nativecodeanalysis.sarif
c:\users\axel_\brewski\copper2.0\core\x64\release\container.nativecodeanalysis.xml
c:\users\axel_\brewski\copper2.0\core\x64\release\singletons.nativecodeanalysis.sarif
c:\users\axel_\brewski\copper2.0\core\x64\release\singletons.nativecodeanalysis.xml
c:\users\axel_\brewski\copper2.0\core\x64\release\channel.nativecodeanalysis.sarif
c:\users\axel_\brewski\copper2.0\core\x64\release\channel.nativecodeanalysis.xml
c:\users\axel_\brewski\copper2.0\core\x64\release\entrybuilder.nativecodeanalysis.sarif
c:\users\axel_\brewski\copper2.0\core\x64\release\entrybuilder.nativecodeanalysis.xml
c:\users\axel_\brewski\copper2.0\core\x64\release\level.nativecodeanalysis.sarif
c:\users\axel_\brewski\copper2.0\core\x64\release\level.nativecodeanalysis.xml
c:\users\axel_\brewski\copper2.0\core\x64\release\log.nativecodeanalysis.sarif
c:\users\axel_\brewski\copper2.0\core\x64\release\log.nativecodeanalysis.xml
c:\users\axel_\brewski\copper2.0\core\x64\release\msvcdebugdriver.nativecodeanalysis.sarif
c:\users\axel_\brewski\copper2.0\core\x64\release\msvcdebugdriver.nativecodeanalysis.xml
c:\users\axel_\brewski\copper2.0\core\x64\release\severitylevelpolicy.nativecodeanalysis.sarif
c:\users\axel_\brewski\copper2.0\core\x64\release\severitylevelpolicy.nativecodeanalysis.xml
c:\users\axel_\brewski\copper2.0\core\x64\release\simplefiledriver.nativecodeanalysis.sarif
c:\users\axel_\brewski\copper2.0\core\x64\release\simplefiledriver.nativecodeanalysis.xml
c:\users\axel_\brewski\copper2.0\core\x64\release\textformatter.nativecodeanalysis.sarif
c:\users\axel_\brewski\copper2.0\core\x64\release\textformatter.nativecodeanalysis.xml
c:\users\axel_\brewski\copper2.0\core\x64\release\assert.nativecodeanalysis.sarif
c:\users\axel_\brewski\copper2.0\core\x64\release\assert.nativecodeanalysis.xml
c:\users\axel_\brewski\copper2.0\core\x64\release\exception.nativecodeanalysis.sarif
c:\users\axel_\brewski\copper2.0\core\x64\release\exception.nativecodeanalysis.xml
c:\users\axel_\brewski\copper2.0\core\x64\release\noreturn.nativecodeanalysis.sarif
c:\users\axel_\brewski\copper2.0\core\x64\release\noreturn.nativecodeanalysis.xml
c:\users\axel_\brewski\copper2.0\core\x64\release\stacktrace.nativecodeanalysis.sarif
c:\users\axel_\brewski\copper2.0\core\x64\release\stacktrace.nativecodeanalysis.xml
c:\users\axel_\brewski\copper2.0\core\x64\release\string.nativecodeanalysis.sarif
c:\users\axel_\brewski\copper2.0\core\x64\release\string.nativecodeanalysis.xml
c:\users\axel_\brewski\copper2.0\core\x64\release\string.obj
c:\users\axel_\brewski\copper2.0\core\x64\release\stacktrace.obj
c:\users\axel_\brewski\copper2.0\core\x64\release\noreturn.obj
c:\users\axel_\brewski\copper2.0\core\x64\release\exception.obj
c:\users\axel_\brewski\copper2.0\core\x64\release\assert.obj
c:\users\axel_\brewski\copper2.0\core\x64\release\textformatter.obj
c:\users\axel_\brewski\copper2.0\core\x64\release\simplefiledriver.obj
c:\users\axel_\brewski\copper2.0\core\x64\release\severitylevelpolicy.obj
c:\users\axel_\brewski\copper2.0\core\x64\release\msvcdebugdriver.obj
c:\users\axel_\brewski\copper2.0\core\x64\release\log.obj
c:\users\axel_\brewski\copper2.0\core\x64\release\level.obj
c:\users\axel_\brewski\copper2.0\core\x64\release\entrybuilder.obj
c:\users\axel_\brewski\copper2.0\core\x64\release\channel.obj
c:\users\axel_\brewski\copper2.0\core\x64\release\singletons.obj
c:\users\axel_\brewski\copper2.0\core\x64\release\container.obj
c:\users\axel_\brewski\copper2.0\core\x64\release\windowclass.nativecodeanalysis.sarif
c:\users\axel_\brewski\copper2.0\core\x64\release\windowclass.nativecodeanalysis.xml
c:\users\axel_\brewski\copper2.0\core\x64\release\windowclass.obj
c:\users\axel_\brewski\copper2.0\core\x64\release\util.nativecodeanalysis.sarif
c:\users\axel_\brewski\copper2.0\core\x64\release\util.nativecodeanalysis.xml
c:\users\axel_\brewski\copper2.0\core\x64\release\util.obj
c:\users\axel_\brewski\copper2.0\core\x64\release\boot.nativecodeanalysis.sarif
c:\users\axel_\brewski\copper2.0\core\x64\release\boot.nativecodeanalysis.xml
c:\users\axel_\brewski\copper2.0\core\x64\release\boot.obj
c:\users\axel_\brewski\copper2.0\x64\release\core.lib
c:\users\axel_\brewski\copper2.0\core\x64\release\vc.nativecodeanalysis.all.xml
c:\users\axel_\brewski\copper2.0\core\x64\release\core.tlog\cl.command.1.tlog
c:\users\axel_\brewski\copper2.0\core\x64\release\core.tlog\cl.read.1.tlog
c:\users\axel_\brewski\copper2.0\core\x64\release\core.tlog\cl.write.1.tlog
c:\users\axel_\brewski\copper2.0\core\x64\release\core.tlog\lib-link.read.1.tlog
c:\users\axel_\brewski\copper2.0\core\x64\release\core.tlog\lib-link.write.1.tlog
c:\users\axel_\brewski\copper2.0\core\x64\release\core.tlog\lib.command.1.tlog
